<?xml version="1.0" encoding="UTF-8"?>
<!-- Generated by org.testng.reporters.JUnitReportReporter -->
<testsuite hostname="DESKTOP-MTCD90O" failures="0" tests="1" name="getRequest.GetBdd" time="1.879" errors="0" timestamp="12 Aug 2019 12:35:27 GMT" skipped="0">
  <testcase classname="getRequest.GetBdd" name="GetBDDRequest" time="1.879"/>
</testsuite> <!-- getRequest.GetBdd -->
